2025-11-11T11:53:43: 
> foodfly-app@1.0.0 start
> next start -p 3003

2025-11-11T11:53:43: 2025-11-11T11:53:43: 2025-11-11T11:53:43: 2025-11-11T11:53:44: 
> foodfly-app@1.0.0 start
> next start -p 3003

2025-11-11T11:53:44: 2025-11-11T11:53:44: 2025-11-11T11:53:44: 2025-11-11T11:53:44: 
> foodfly-app@1.0.0 start
> next start -p 3003

2025-11-11T11:53:44: 2025-11-11T11:53:44: 2025-11-11T11:53:44: 2025-11-11T11:53:44: 
> foodfly-app@1.0.0 start
> next start -p 3003

2025-11-11T11:53:45: 2025-11-11T11:53:45: 2025-11-11T11:53:45: 2025-11-11T11:53:45: 
> foodfly-app@1.0.0 start
> next start -p 3003

2025-11-11T11:53:45: 2025-11-11T11:53:45: 2025-11-11T11:53:45: 2025-11-11T11:53:45: 
> foodfly-app@1.0.0 start
> next start -p 3003

2025-11-11T11:53:45: 2025-11-11T11:53:45: 2025-11-11T11:53:45: 2025-11-11T11:53:46: 
> foodfly-app@1.0.0 start
> next start -p 3003

2025-11-11T11:53:46: 2025-11-11T11:53:46: 2025-11-11T11:53:46: 2025-11-11T11:53:46: 
> foodfly-app@1.0.0 start
> next start -p 3003

2025-11-11T11:53:46: 2025-11-11T11:53:46: 2025-11-11T11:53:46: 2025-11-11T11:53:46: 
> foodfly-app@1.0.0 start
> next start -p 3003

2025-11-11T11:53:47: 2025-11-11T11:53:47: 2025-11-11T11:53:47: 2025-11-11T11:53:47: 
> foodfly-app@1.0.0 start
> next start -p 3003

2025-11-11T11:53:47: 2025-11-11T11:53:47: 2025-11-11T11:53:47: 2025-11-11T11:53:47: 
> foodfly-app@1.0.0 start
> next start -p 3003

2025-11-11T11:53:47: 2025-11-11T11:53:47: 2025-11-11T11:53:48: 
> foodfly-app@1.0.0 start
> next start -p 3003

2025-11-11T11:53:48: 2025-11-11T11:53:48: 2025-11-11T11:53:48: 2025-11-11T11:53:48: 
> foodfly-app@1.0.0 start
> next start -p 3003

2025-11-11T11:53:48: 2025-11-11T11:53:48: 2025-11-11T11:53:48: 2025-11-11T11:53:49: 
> foodfly-app@1.0.0 start
> next start -p 3003

2025-11-11T11:53:49: 2025-11-11T11:53:49: 2025-11-11T11:53:49: 2025-11-11T11:53:49: 
> foodfly-app@1.0.0 start
> next start -p 3003

2025-11-11T11:53:49: 2025-11-11T11:53:49: 2025-11-11T11:53:49: 
> foodfly-app@1.0.0 start
> next start -p 3003

2025-11-11T11:53:50: 2025-11-11T11:53:50: 2025-11-11T11:55:48: 
> foodfly-app@1.0.0 start
> next start -p 3003

2025-11-11T11:55:49: 2025-11-11T11:55:49: 2025-11-11T11:55:49: 2025-11-11T11:55:49: 
> foodfly-app@1.0.0 start
> next start -p 3003

2025-11-11T11:55:49: 2025-11-11T11:55:49: 2025-11-11T11:55:49: 2025-11-11T11:55:49: 
> foodfly-app@1.0.0 start
> next start -p 3003

2025-11-11T11:55:49: 2025-11-11T11:55:49: 2025-11-11T11:55:50: 
> foodfly-app@1.0.0 start
> next start -p 3003

2025-11-11T11:55:50: 2025-11-11T11:55:50: 2025-11-11T11:55:50: 2025-11-11T11:55:50: 
> foodfly-app@1.0.0 start
> next start -p 3003

2025-11-11T11:55:50: 2025-11-11T11:55:50: 2025-11-11T11:55:50: 
> foodfly-app@1.0.0 start
> next start -p 3003

2025-11-11T11:55:51: 2025-11-11T11:55:51: 2025-11-11T11:55:51: 
> foodfly-app@1.0.0 start
> next start -p 3003

2025-11-11T11:55:51: 2025-11-11T11:55:51: 2025-11-11T11:55:51: 2025-11-11T11:55:51: 
> foodfly-app@1.0.0 start
> next start -p 3003

2025-11-11T11:55:51: 2025-11-11T11:55:51: 2025-11-11T11:55:51: 2025-11-11T11:55:52: 
> foodfly-app@1.0.0 start
> next start -p 3003

2025-11-11T11:55:52: 2025-11-11T11:55:52: 2025-11-11T11:55:52: 2025-11-11T11:55:52: 
> foodfly-app@1.0.0 start
> next start -p 3003

2025-11-11T11:55:52: 2025-11-11T11:55:52: 2025-11-11T11:55:52: 2025-11-11T11:55:53: 
> foodfly-app@1.0.0 start
> next start -p 3003

2025-11-11T11:55:53: 2025-11-11T11:55:53: 2025-11-11T11:55:53: 2025-11-11T11:55:53: 
> foodfly-app@1.0.0 start
> next start -p 3003

2025-11-11T11:55:53: 2025-11-11T11:55:53: 2025-11-11T11:55:53: 2025-11-11T11:55:53: 
> foodfly-app@1.0.0 start
> next start -p 3003

2025-11-11T11:55:54: 2025-11-11T11:55:54: 2025-11-11T11:55:54: 2025-11-11T11:55:54: 
> foodfly-app@1.0.0 start
> next start -p 3003

2025-11-11T11:55:54: 2025-11-11T11:55:54: 2025-11-11T11:55:54: 2025-11-11T11:55:54: 
> foodfly-app@1.0.0 start
> next start -p 3003

2025-11-11T11:55:54: 2025-11-11T11:55:54: 2025-11-11T11:55:55: 
> foodfly-app@1.0.0 start
> next start -p 3003

2025-11-11T11:55:55: 2025-11-11T11:55:55: 2025-11-11T11:55:55: 2025-11-11T11:55:59: 
> foodfly-app@1.0.0 start
> next start -p 3003

2025-11-11T11:56:00: 2025-11-11T11:56:00: 2025-11-11T11:56:00: 2025-11-11T11:56:00: 
> foodfly-app@1.0.0 start
> next start -p 3003

2025-11-11T11:56:00: 2025-11-11T11:56:00: 2025-11-11T11:56:00: 2025-11-11T11:56:01: 
> foodfly-app@1.0.0 start
> next start -p 3003

2025-11-11T11:56:01: 2025-11-11T11:56:01: 2025-11-11T11:56:01: 2025-11-11T11:56:01: 
> foodfly-app@1.0.0 start
> next start -p 3003

2025-11-11T11:56:01: 2025-11-11T11:56:01: 2025-11-11T11:56:02: 
> foodfly-app@1.0.0 start
> next start -p 3003

2025-11-11T11:56:02: 2025-11-11T11:56:02: 2025-11-11T11:56:02: 2025-11-11T11:56:02: 
> foodfly-app@1.0.0 start
> next start -p 3003

2025-11-11T11:56:03: 2025-11-11T11:56:03: 2025-11-11T11:56:03: 2025-11-11T11:56:03: 
> foodfly-app@1.0.0 start
> next start -p 3003

2025-11-11T11:56:03: 2025-11-11T11:56:03: 2025-11-11T11:56:03: 2025-11-11T11:56:03: 
> foodfly-app@1.0.0 start
> next start -p 3003

2025-11-11T11:56:03: 2025-11-11T11:56:03: 2025-11-11T11:56:03: 2025-11-11T11:56:04: 
> foodfly-app@1.0.0 start
> next start -p 3003

2025-11-11T11:56:04: 2025-11-11T11:56:04: 2025-11-11T11:56:04: 2025-11-11T11:56:04: 
> foodfly-app@1.0.0 start
> next start -p 3003

2025-11-11T11:56:04: 2025-11-11T11:56:04: 2025-11-11T11:56:04: 
> foodfly-app@1.0.0 start
> next start -p 3003

2025-11-11T11:56:05: 2025-11-11T11:56:05: 2025-11-11T11:56:05: 2025-11-11T11:56:05: 
> foodfly-app@1.0.0 start
> next start -p 3003

2025-11-11T11:56:05: 2025-11-11T11:56:05: 2025-11-11T11:56:05: 2025-11-11T11:56:05: 
> foodfly-app@1.0.0 start
> next start -p 3003

2025-11-11T11:56:06: 2025-11-11T11:56:06: 2025-11-11T11:56:06: 2025-11-11T11:56:06: 
> foodfly-app@1.0.0 start
> next start -p 3003

2025-11-11T11:56:06: 2025-11-11T11:56:06: 2025-11-11T11:56:06: 2025-11-11T11:56:06: 
> foodfly-app@1.0.0 start
> next start -p 3003

2025-11-11T11:56:06: 2025-11-11T11:56:06: 2025-11-11T11:56:06: 2025-11-11T11:56:07: 
> foodfly-app@1.0.0 start
> next start -p 3003

2025-11-11T11:56:07: 2025-11-11T11:56:07: 2025-11-11T11:56:07: 