2025-11-11T11:56:22: 
> foodfly-app@1.0.0 start
> next start -p 3003

2025-11-11T11:56:22: 2025-11-11T11:56:23: 
> foodfly-app@1.0.0 start
> next start -p 3003

2025-11-11T11:56:23: 2025-11-11T11:56:23: 2025-11-11T11:56:23: 
> foodfly-app@1.0.0 start
> next start -p 3003

2025-11-11T11:56:23: 2025-11-11T11:56:24: 
> foodfly-app@1.0.0 start
> next start -p 3003

2025-11-11T11:56:24: 2025-11-11T11:56:24: 
> foodfly-app@1.0.0 start
> next start -p 3003

2025-11-11T11:56:24: 2025-11-11T11:56:24: 
> foodfly-app@1.0.0 start
> next start -p 3003

2025-11-11T11:56:25: 2025-11-11T11:56:25: 
> foodfly-app@1.0.0 start
> next start -p 3003

2025-11-11T11:56:25: 2025-11-11T11:56:25: 
> foodfly-app@1.0.0 start
> next start -p 3003

2025-11-11T11:56:25: 2025-11-11T11:56:26: 
> foodfly-app@1.0.0 start
> next start -p 3003

2025-11-11T11:56:26: 2025-11-11T11:56:26: 
> foodfly-app@1.0.0 start
> next start -p 3003

2025-11-11T11:56:26: 2025-11-11T11:56:27: 
> foodfly-app@1.0.0 start
> next start -p 3003

2025-11-11T11:56:27: 2025-11-11T11:56:27: 
> foodfly-app@1.0.0 start
> next start -p 3003

2025-11-11T11:56:27: 2025-11-11T11:56:27: 2025-11-11T11:56:27: 
> foodfly-app@1.0.0 start
> next start -p 3003

2025-11-11T11:56:28: 2025-11-11T11:56:28: 
> foodfly-app@1.0.0 start
> next start -p 3003

2025-11-11T11:56:28: 2025-11-11T11:56:28: 
> foodfly-app@1.0.0 start
> next start -p 3003

2025-11-11T11:56:29: 2025-11-11T11:56:29: 
> foodfly-app@1.0.0 start
> next start -p 3003

2025-11-11T11:56:29: 2025-11-11T11:56:29: 