2025-11-11T12:02:26: 
> foodfly-app@1.0.0 start
> next start -p 3003

2025-11-11T12:02:26: 2025-11-11T12:02:26: 
> foodfly-app@1.0.0 start
> next start -p 3003

2025-11-11T12:02:26: 2025-11-11T12:02:26: 
> foodfly-app@1.0.0 start
> next start -p 3003

2025-11-11T12:02:27: 2025-11-11T12:02:27: 2025-11-11T12:02:27: 
> foodfly-app@1.0.0 start
> next start -p 3003

2025-11-11T12:02:27: 2025-11-11T12:02:27: 2025-11-11T12:02:27: 
> foodfly-app@1.0.0 start
> next start -p 3003

2025-11-11T12:02:27: 2025-11-11T12:02:28: 
> foodfly-app@1.0.0 start
> next start -p 3003

2025-11-11T12:02:28: 2025-11-11T12:02:28: 2025-11-11T12:02:28: 
> foodfly-app@1.0.0 start
> next start -p 3003

2025-11-11T12:02:28: 2025-11-11T12:02:28: 
> foodfly-app@1.0.0 start
> next start -p 3003

2025-11-11T12:02:29: 2025-11-11T12:02:29: 
> foodfly-app@1.0.0 start
> next start -p 3003

2025-11-11T12:02:29: 2025-11-11T12:02:29: 
> foodfly-app@1.0.0 start
> next start -p 3003

2025-11-11T12:02:29: 2025-11-11T12:02:30: 
> foodfly-app@1.0.0 start
> next start -p 3003

2025-11-11T12:02:30: 2025-11-11T12:02:30: 
> foodfly-app@1.0.0 start
> next start -p 3003

2025-11-11T12:02:30: 2025-11-11T12:02:31: 
> foodfly-app@1.0.0 start
> next start -p 3003

2025-11-11T12:02:31: 2025-11-11T12:02:31: 
> foodfly-app@1.0.0 start
> next start -p 3003

2025-11-11T12:02:31: 2025-11-11T12:02:31: 
> foodfly-app@1.0.0 start
> next start -p 3003

2025-11-11T12:02:32: 2025-11-11T12:02:32: 
> foodfly-app@1.0.0 start
> next start -p 3003

2025-11-11T12:02:32: 2025-11-11T12:03:16: 
> foodfly-app@1.0.0 start
> PORT=${PORT:-3003} next start

2025-11-11T12:04:19: 
> foodfly-app@1.0.0 start
> PORT=${PORT:-3002} next start

2025-11-11T12:04:19: 2025-11-11T12:04:19: 
> foodfly-app@1.0.0 start
> PORT=${PORT:-3002} next start

2025-11-11T12:04:20: 2025-11-11T12:04:20: 
> foodfly-app@1.0.0 start
> PORT=${PORT:-3002} next start

2025-11-11T12:04:20: 2025-11-11T12:04:20: 
> foodfly-app@1.0.0 start
> PORT=${PORT:-3002} next start

2025-11-11T12:04:20: 2025-11-11T12:04:21: 
> foodfly-app@1.0.0 start
> PORT=${PORT:-3002} next start

2025-11-11T12:04:21: 2025-11-11T12:04:21: 2025-11-11T12:04:21: 
> foodfly-app@1.0.0 start
> PORT=${PORT:-3002} next start

2025-11-11T12:04:21: 2025-11-11T12:04:22: 
> foodfly-app@1.0.0 start
> PORT=${PORT:-3002} next start

2025-11-11T12:04:22: 2025-11-11T12:04:22: 2025-11-11T12:04:22: 
> foodfly-app@1.0.0 start
> PORT=${PORT:-3002} next start

