2025-11-11T11:58:27: 
> foodfly-app@1.0.0 start
> next start -p 3003

2025-11-11T11:58:28: 2025-11-11T11:58:28: 2025-11-11T11:58:28: 
> foodfly-app@1.0.0 start
> next start -p 3003

2025-11-11T11:58:28: 2025-11-11T11:58:28: 
> foodfly-app@1.0.0 start
> next start -p 3003

2025-11-11T11:58:29: 2025-11-11T11:58:29: 
> foodfly-app@1.0.0 start
> next start -p 3003

2025-11-11T11:58:29: 2025-11-11T11:58:29: 
> foodfly-app@1.0.0 start
> next start -p 3003

2025-11-11T11:58:30: 2025-11-11T11:58:30: 
> foodfly-app@1.0.0 start
> next start -p 3003

2025-11-11T11:58:30: 2025-11-11T11:58:30: 2025-11-11T11:58:30: 
> foodfly-app@1.0.0 start
> next start -p 3003

2025-11-11T11:58:30: 2025-11-11T11:58:31: 
> foodfly-app@1.0.0 start
> next start -p 3003

2025-11-11T11:58:31: 2025-11-11T11:58:31: 
> foodfly-app@1.0.0 start
> next start -p 3003

2025-11-11T11:58:31: 2025-11-11T11:58:31: 2025-11-11T11:58:32: 
> foodfly-app@1.0.0 start
> next start -p 3003

2025-11-11T11:58:32: 2025-11-11T11:58:32: 
> foodfly-app@1.0.0 start
> next start -p 3003

2025-11-11T11:58:32: 2025-11-11T11:58:33: 
> foodfly-app@1.0.0 start
> next start -p 3003

2025-11-11T11:58:33: 2025-11-11T11:58:33: 2025-11-11T11:58:33: 
> foodfly-app@1.0.0 start
> next start -p 3003

2025-11-11T11:58:33: 2025-11-11T11:58:34: 
> foodfly-app@1.0.0 start
> next start -p 3003

2025-11-11T11:58:34: 2025-11-11T11:58:34: 
> foodfly-app@1.0.0 start
> next start -p 3003

2025-11-11T11:58:34: 2025-11-11T11:58:35: 
> foodfly-app@1.0.0 start
> next start -p 3003

2025-11-11T11:58:35: 2025-11-11T11:58:46: 
> foodfly-app@1.0.0 start
> next start -p 3003

2025-11-11T11:58:46: 2025-11-11T11:58:46: 
> foodfly-app@1.0.0 start
> next start -p 3003

2025-11-11T11:58:47: 2025-11-11T11:58:47: 
> foodfly-app@1.0.0 start
> next start -p 3003

2025-11-11T11:58:47: 2025-11-11T11:58:47: 2025-11-11T11:58:47: 
> foodfly-app@1.0.0 start
> next start -p 3003

2025-11-11T11:58:48: 2025-11-11T11:58:48: 
> foodfly-app@1.0.0 start
> next start -p 3003

2025-11-11T11:58:48: 2025-11-11T11:58:48: 2025-11-11T11:58:48: 
> foodfly-app@1.0.0 start
> next start -p 3003

2025-11-11T11:58:49: 2025-11-11T11:58:49: 
> foodfly-app@1.0.0 start
> next start -p 3003

2025-11-11T11:58:49: 2025-11-11T11:58:49: 
> foodfly-app@1.0.0 start
> next start -p 3003

2025-11-11T11:58:50: 2025-11-11T11:58:50: 2025-11-11T11:58:50: 
> foodfly-app@1.0.0 start
> next start -p 3003

2025-11-11T11:58:50: 2025-11-11T11:58:50: 
> foodfly-app@1.0.0 start
> next start -p 3003

2025-11-11T11:58:50: 2025-11-11T11:58:50: 2025-11-11T11:58:51: 
> foodfly-app@1.0.0 start
> next start -p 3003

2025-11-11T11:58:51: 2025-11-11T11:58:51: 
> foodfly-app@1.0.0 start
> next start -p 3003

2025-11-11T11:58:51: 2025-11-11T11:58:52: 
> foodfly-app@1.0.0 start
> next start -p 3003

2025-11-11T11:58:52: 2025-11-11T11:58:52: 
> foodfly-app@1.0.0 start
> next start -p 3003

2025-11-11T11:58:52: 2025-11-11T11:58:52: 2025-11-11T11:58:53: 
> foodfly-app@1.0.0 start
> next start -p 3003

2025-11-11T11:58:53: 2025-11-11T11:58:53: 2025-11-11T11:58:53: 
> foodfly-app@1.0.0 start
> next start -p 3003

2025-11-11T11:58:53: 