2025-11-11T11:56:54: 
> foodfly-app@1.0.0 start
> next start -p 3003

2025-11-11T11:56:54: 2025-11-11T11:56:55: 
> foodfly-app@1.0.0 start
> next start -p 3003

2025-11-11T11:56:55: 2025-11-11T11:56:55: 
> foodfly-app@1.0.0 start
> next start -p 3003

2025-11-11T11:56:55: 2025-11-11T11:56:55: 
> foodfly-app@1.0.0 start
> next start -p 3003

2025-11-11T11:56:56: 2025-11-11T11:56:56: 
> foodfly-app@1.0.0 start
> next start -p 3003

2025-11-11T11:56:56: 2025-11-11T11:56:56: 
> foodfly-app@1.0.0 start
> next start -p 3003

2025-11-11T11:56:56: 2025-11-11T11:56:56: 2025-11-11T11:56:57: 
> foodfly-app@1.0.0 start
> next start -p 3003

2025-11-11T11:56:57: 2025-11-11T11:56:57: 
> foodfly-app@1.0.0 start
> next start -p 3003

2025-11-11T11:56:57: 2025-11-11T11:56:58: 
> foodfly-app@1.0.0 start
> next start -p 3003

2025-11-11T11:56:58: 2025-11-11T11:56:58: 
> foodfly-app@1.0.0 start
> next start -p 3003

2025-11-11T11:56:58: 2025-11-11T11:56:58: 
> foodfly-app@1.0.0 start
> next start -p 3003

2025-11-11T11:56:59: 2025-11-11T11:56:59: 
> foodfly-app@1.0.0 start
> next start -p 3003

2025-11-11T11:56:59: 2025-11-11T11:56:59: 
> foodfly-app@1.0.0 start
> next start -p 3003

2025-11-11T11:57:00: 2025-11-11T11:57:00: 
> foodfly-app@1.0.0 start
> next start -p 3003

2025-11-11T11:57:00: 2025-11-11T11:57:00: 
> foodfly-app@1.0.0 start
> next start -p 3003

2025-11-11T11:57:01: 2025-11-11T11:57:01: 
> foodfly-app@1.0.0 start
> next start -p 3003

2025-11-11T11:57:01: 